2026-04-22 10:17:24,182 | INFO | pr_metadata_bridge | Local backend starting on 8003
2026-04-22 10:18:10,475 | INFO | pr_metadata_bridge | Local backend starting on 8003
2026-04-22 10:19:47,997 | INFO | pr_metadata_bridge | Local backend starting on 8003
2026-04-22 10:19:51,244 | INFO | pr_metadata_bridge | Local backend starting on 8003
2026-04-22 10:21:50,276 | INFO | pr_metadata_bridge | Local backend starting on 8003
2026-04-22 10:22:11,881 | INFO | pr_metadata_bridge | Local backend starting on 8003
2026-04-22 10:22:24,866 | INFO | pr_metadata_bridge | /scan-badge received: filename=vertical.jpg, file_size_bytes=98307
2026-04-22 10:22:24,867 | INFO | pr_metadata_bridge | Before proxy call: url=http://127.0.0.1:8002/api/v1/scan, headers={'X-API-Key': 'fake***'}
2026-04-22 10:22:24,894 | INFO | pr_metadata_bridge | Proxy response: status_code=500, body={"detail":"Server misconfigured: PROXY_URL is not set."}
2026-04-22 10:22:24,894 | ERROR | pr_metadata_bridge | Request exception during /scan-badge
Traceback (most recent call last):
  File "C:\Users\hanze\repos\pr-metadata-bridge\backend\app\main.py", line 191, in scan_badge
    response.raise_for_status()
  File "C:\Users\hanze\repos\pr-metadata-bridge\backend\venv\Lib\site-packages\requests\models.py", line 1028, in raise_for_status
    raise HTTPError(http_error_msg, response=self)
requests.exceptions.HTTPError: 500 Server Error: Internal Server Error for url: http://127.0.0.1:8002/api/v1/scan
2026-04-22 10:26:50,645 | INFO | pr_metadata_bridge | /scan-badge received: filename=vertical.jpg, file_size_bytes=98307
2026-04-22 10:26:50,645 | INFO | pr_metadata_bridge | Before proxy call: url=http://127.0.0.1:8002/api/v1/scan, headers={'X-API-Key': 'fake***'}
2026-04-22 10:26:50,662 | INFO | pr_metadata_bridge | Proxy response: status_code=500, body={"detail":"Server misconfigured: PROXY_API_KEY is not set."}
2026-04-22 10:26:50,662 | ERROR | pr_metadata_bridge | Request exception during /scan-badge
Traceback (most recent call last):
  File "C:\Users\hanze\repos\pr-metadata-bridge\backend\app\main.py", line 191, in scan_badge
    response.raise_for_status()
  File "C:\Users\hanze\repos\pr-metadata-bridge\backend\venv\Lib\site-packages\requests\models.py", line 1028, in raise_for_status
    raise HTTPError(http_error_msg, response=self)
requests.exceptions.HTTPError: 500 Server Error: Internal Server Error for url: http://127.0.0.1:8002/api/v1/scan
2026-04-22 10:26:53,603 | INFO | pr_metadata_bridge | /scan-badge received: filename=vertical.jpg, file_size_bytes=98307
2026-04-22 10:26:53,604 | INFO | pr_metadata_bridge | Before proxy call: url=http://127.0.0.1:8002/api/v1/scan, headers={'X-API-Key': 'fake***'}
2026-04-22 10:26:53,605 | INFO | pr_metadata_bridge | Proxy response: status_code=500, body={"detail":"Server misconfigured: PROXY_API_KEY is not set."}
2026-04-22 10:26:53,610 | ERROR | pr_metadata_bridge | Request exception during /scan-badge
Traceback (most recent call last):
  File "C:\Users\hanze\repos\pr-metadata-bridge\backend\app\main.py", line 191, in scan_badge
    response.raise_for_status()
  File "C:\Users\hanze\repos\pr-metadata-bridge\backend\venv\Lib\site-packages\requests\models.py", line 1028, in raise_for_status
    raise HTTPError(http_error_msg, response=self)
requests.exceptions.HTTPError: 500 Server Error: Internal Server Error for url: http://127.0.0.1:8002/api/v1/scan
2026-04-22 10:26:55,498 | INFO | pr_metadata_bridge | /scan-badge received: filename=vertical.jpg, file_size_bytes=98307
2026-04-22 10:26:55,499 | INFO | pr_metadata_bridge | Before proxy call: url=http://127.0.0.1:8002/api/v1/scan, headers={'X-API-Key': 'fake***'}
2026-04-22 10:26:55,505 | INFO | pr_metadata_bridge | Proxy response: status_code=500, body={"detail":"Server misconfigured: PROXY_API_KEY is not set."}
2026-04-22 10:26:55,505 | ERROR | pr_metadata_bridge | Request exception during /scan-badge
Traceback (most recent call last):
  File "C:\Users\hanze\repos\pr-metadata-bridge\backend\app\main.py", line 191, in scan_badge
    response.raise_for_status()
  File "C:\Users\hanze\repos\pr-metadata-bridge\backend\venv\Lib\site-packages\requests\models.py", line 1028, in raise_for_status
    raise HTTPError(http_error_msg, response=self)
requests.exceptions.HTTPError: 500 Server Error: Internal Server Error for url: http://127.0.0.1:8002/api/v1/scan
2026-04-22 10:27:08,743 | INFO | pr_metadata_bridge | Local backend starting on 8003
2026-04-22 10:27:25,678 | INFO | pr_metadata_bridge | /scan-badge received: filename=vertical.jpg, file_size_bytes=98307
2026-04-22 10:27:25,678 | INFO | pr_metadata_bridge | Before proxy call: url=http://127.0.0.1:8002/api/v1/scan, headers={'X-API-Key': 'fake***'}
2026-04-22 10:27:25,690 | INFO | pr_metadata_bridge | Proxy response: status_code=500, body={"detail":"Server misconfigured: PROXY_API_KEY is not set."}
2026-04-22 10:27:25,691 | ERROR | pr_metadata_bridge | Request exception during /scan-badge
Traceback (most recent call last):
  File "C:\Users\hanze\repos\pr-metadata-bridge\backend\app\main.py", line 191, in scan_badge
    response.raise_for_status()
  File "C:\Users\hanze\repos\pr-metadata-bridge\backend\venv\Lib\site-packages\requests\models.py", line 1028, in raise_for_status
    raise HTTPError(http_error_msg, response=self)
requests.exceptions.HTTPError: 500 Server Error: Internal Server Error for url: http://127.0.0.1:8002/api/v1/scan
2026-04-22 10:30:45,180 | INFO | pr_metadata_bridge | Local backend starting on 8003
2026-04-22 10:32:24,669 | INFO | pr_metadata_bridge | Local backend starting on 8003
2026-04-22 10:32:38,110 | INFO | pr_metadata_bridge | /scan-badge received: filename=vertical.jpg, file_size_bytes=98307
2026-04-22 10:32:38,110 | INFO | pr_metadata_bridge | Before proxy call: url=http://127.0.0.1:8002/api/v1/scan, headers={'X-API-Key': 'fake***'}
2026-04-22 10:32:38,139 | INFO | pr_metadata_bridge | Proxy response: status_code=502, body={"detail":"Proxy request failed: Invalid URL 'None': No scheme supplied. Perhaps you meant https://None?"}
2026-04-22 10:32:38,141 | ERROR | pr_metadata_bridge | Request exception during /scan-badge
Traceback (most recent call last):
  File "C:\Users\hanze\repos\pr-metadata-bridge\backend\app\main.py", line 191, in scan_badge
    response.raise_for_status()
  File "C:\Users\hanze\repos\pr-metadata-bridge\backend\venv\Lib\site-packages\requests\models.py", line 1028, in raise_for_status
    raise HTTPError(http_error_msg, response=self)
requests.exceptions.HTTPError: 502 Server Error: Bad Gateway for url: http://127.0.0.1:8002/api/v1/scan
2026-04-22 10:37:16,350 | INFO | pr_metadata_bridge | Local backend starting on 8003
2026-04-22 10:37:26,807 | INFO | pr_metadata_bridge | /scan-badge received: filename=vertical.jpg, file_size_bytes=98307
2026-04-22 10:37:26,807 | INFO | pr_metadata_bridge | Before proxy call: url=http://127.0.0.1:8002/api/v1/scan, headers={'X-API-Key': 'fake***'}
2026-04-22 10:37:27,504 | INFO | pr_metadata_bridge | Proxy response: status_code=200, body={"status":"success","text":"John Doe\nThin"}
2026-04-22 10:37:27,504 | INFO | pr_metadata_bridge | Scan completed: extracted_text=John Doe Thin
